1654345374630	geckodriver	INFO	Listening on 127.0.0.1:59061
1654345377723	mozrunner::runner	INFO	Running command: "C:\\Program Files\\Mozilla Firefox\\firefox.exe" "--marionette" "--remote-debugging-port" "59062" "--remote-allow-hosts" "localhost" "-no-remote" "-profile" "C:\\Users\\Shyam\\AppData\\Local\\Temp\\rust_mozprofilexZB9h0"
1654345378290	Marionette	INFO	Marionette enabled
WebDriver BiDi listening on ws://localhost:59062
1654345381114	geckodriver	INFO	Listening on 127.0.0.1:59075
1654345384192	mozrunner::runner	INFO	Running command: "C:\\Program Files\\Mozilla Firefox\\firefox.exe" "--marionette" "--remote-debugging-port" "59076" "--remote-allow-hosts" "localhost" "-no-remote" "-profile" "C:\\Users\\Shyam\\AppData\\Local\\Temp\\rust_mozprofileM0Bs4n"
1654345384703	Marionette	INFO	Marionette enabled
WebDriver BiDi listening on ws://localhost:59076
console.warn: SearchSettings: "get: No settings file exists, new profile?" (new NotFoundError("Could not open the file at C:\\Users\\Shyam\\AppData\\Local\\Temp\\rust_mozprofileM0Bs4n\\search.json.mozlz4", (void 0)))
1654345388423	Marionette	INFO	Listening on port 59101
DevTools listening on ws://localhost:59076/devtools/browser/2b241f4b-2b55-4996-8e89-aaa10c1a9118
Read port: 59101
1654345388980	RemoteAgent	WARN	TLS certificate errors will be ignored for this session
1654345396941	Marionette	INFO	Stopped listening on port 59101
Invalid port. Exiting...
1654346538322	geckodriver	INFO	Listening on 127.0.0.1:59412
1654346541373	mozrunner::runner	INFO	Running command: "C:\\Program Files\\Mozilla Firefox\\firefox.exe" "--marionette" "--start-maximized" "--remote-debugging-port" "59413" "--remote-allow-hosts" "localhost" "-no-remote" "-profile" "C:\\Users\\Shyam\\AppData\\Local\\Temp\\rust_mozprofileyOLYHV"
1654346541762	Marionette	INFO	Marionette enabled
WebDriver BiDi listening on ws://localhost:59413
console.warn: SearchSettings: "get: No settings file exists, new profile?" (new NotFoundError("Could not open the file at C:\\Users\\Shyam\\AppData\\Local\\Temp\\rust_mozprofileyOLYHV\\search.json.mozlz4", (void 0)))
1654346545611	Marionette	INFO	Listening on port 59439
DevTools listening on ws://localhost:59413/devtools/browser/4352cb99-87b9-4ea6-a083-e424d4d6754e
Read port: 59439
1654346547691	RemoteAgent	WARN	TLS certificate errors will be ignored for this session
1654346550855	Marionette	INFO	Stopped listening on port 59439
console.warn: TopSitesFeed: Failed to fetch data from Contile server: NetworkError when attempting to fetch resource.

###!!! [Child][PContentChild] Error: Send(msgname=PNecko::Msg_RemoveRequestContext) Channel closing: too late to send/recv, messages will be lost

1654346582069	geckodriver	INFO	Listening on 127.0.0.1:59481
1654346585125	mozrunner::runner	INFO	Running command: "C:\\Program Files\\Mozilla Firefox\\firefox.exe" "--marionette" "--start-maximized" "--remote-debugging-port" "59482" "--remote-allow-hosts" "localhost" "-no-remote" "-profile" "C:\\Users\\Shyam\\AppData\\Local\\Temp\\rust_mozprofilezi2TaV"
1654346585552	Marionette	INFO	Marionette enabled
WebDriver BiDi listening on ws://localhost:59482
console.warn: SearchSettings: "get: No settings file exists, new profile?" (new NotFoundError("Could not open the file at C:\\Users\\Shyam\\AppData\\Local\\Temp\\rust_mozprofilezi2TaV\\search.json.mozlz4", (void 0)))
1654346589025	Marionette	INFO	Listening on port 59504
DevTools listening on ws://localhost:59482/devtools/browser/6a4d5b06-214d-4227-9f05-387cf2f88571
Read port: 59504
1654346589545	RemoteAgent	WARN	TLS certificate errors will be ignored for this session
1654346597081	Marionette	INFO	Stopped listening on port 59504

###!!! [Parent][PContentParent] Error: Send(msgname=PContent::Reply_DiscardBrowsingContext) Closed channel: cannot send/recv


###!!! [Parent][PContentParent] Error: Send(msgname=PContent::Msg_DestroyBrowsingContextGroup) Closed channel: cannot send/recv


###!!! [Child][PContentChild] Error: Send(msgname=PHttpChannel::Msg_Cancel) Channel closing: too late to send/recv, messages will be lost


###!!! [Child][PContentChild] Error: Send(msgname=PHttpChannel::Msg_DeletingChannel) Channel closing: too late to send/recv, messages will be lost


###!!! [Child][PContentChild] Error: RunMessage(msgname=PContent::Msg_DiscardBrowsingContext) Channel closing: too late to send/recv, messages will be lost


###!!! [Child][PContentChild] Error: RunMessage(msgname=PContent::Reply_DiscardBrowsingContext) Channel closing: too late to send/recv, messages will be lost

